2024-07-16 16:03:11
Starting the script
Sourcing libraries
Reading user input
validating user input
choosing math operation
performing operation
Script executed successfully
 
------------------------------
2024-07-16 16:03:22
Starting the script
Sourcing libraries
Reading user input
validating user input
choosing math operation
performing operation
Script executed successfully
 
------------------------------
2024-07-19 14:24:35
Starting the script
Sourcing libraries
Reading user input
validating user input
choosing math operation
performing operation
Script executed successfully
 
------------------------------
2024-07-19 14:25:19
Starting the script
Sourcing libraries
Reading user input
validating user input
choosing math operation
performing operation
Script executed successfully
 
------------------------------
2024-07-23 15:51:29
Starting the script
Sourcing libraries
Reading user input
validating user input
choosing math operation
performing operation
Script executed successfully
 
------------------------------
2024-07-23 15:52:13
Starting the script
Sourcing libraries
Reading user input
validating user input
choosing math operation
performing operation
Script executed successfully
 
------------------------------
